/Users/jcmordan/code/leave-request/backend/src/LeaveManagement.Api/LeaveManagement.Api.csproj : warning NU1603: LeaveManagement.Api depends on Microsoft.Identity.Web (>= 3.7.2) but Microsoft.Identity.Web 3.7.2 was not found. Microsoft.Identity.Web 3.8.0 was resolved instead.
/Users/jcmordan/code/leave-request/backend/src/LeaveManagement.Api/LeaveManagement.Api.csproj : warning NU1603: LeaveManagement.Api depends on Microsoft.Identity.Web.GraphServiceClient (>= 3.7.2) but Microsoft.Identity.Web.GraphServiceClient 3.7.2 was not found. Microsoft.Identity.Web.GraphServiceClient 3.8.0 was resolved instead.
/Users/jcmordan/code/leave-request/backend/src/LeaveManagement.Api/LeaveManagement.Api.csproj : warning NU1902: Package 'Microsoft.Identity.Abstractions' 8.2.0 has a known moderate severity vulnerability, https://github.com/advisories/GHSA-rpq8-q44m-2rpg
/Users/jcmordan/code/leave-request/backend/src/LeaveManagement.Api/LeaveManagement.Api.csproj : warning NU1902: Package 'Microsoft.Identity.Web' 3.8.0 has a known moderate severity vulnerability, https://github.com/advisories/GHSA-rpq8-q44m-2rpg
/Users/jcmordan/code/leave-request/backend/src/LeaveManagement.Api/LeaveManagement.Api.csproj : warning NU1603: LeaveManagement.Api depends on Microsoft.Identity.Web (>= 3.7.2) but Microsoft.Identity.Web 3.7.2 was not found. Microsoft.Identity.Web 3.8.0 was resolved instead.
/Users/jcmordan/code/leave-request/backend/src/LeaveManagement.Api/LeaveManagement.Api.csproj : warning NU1603: LeaveManagement.Api depends on Microsoft.Identity.Web.GraphServiceClient (>= 3.7.2) but Microsoft.Identity.Web.GraphServiceClient 3.7.2 was not found. Microsoft.Identity.Web.GraphServiceClient 3.8.0 was resolved instead.
/Users/jcmordan/code/leave-request/backend/src/LeaveManagement.Api/LeaveManagement.Api.csproj : warning NU1902: Package 'Microsoft.Identity.Abstractions' 8.2.0 has a known moderate severity vulnerability, https://github.com/advisories/GHSA-rpq8-q44m-2rpg
/Users/jcmordan/code/leave-request/backend/src/LeaveManagement.Api/LeaveManagement.Api.csproj : warning NU1902: Package 'Microsoft.Identity.Web' 3.8.0 has a known moderate severity vulnerability, https://github.com/advisories/GHSA-rpq8-q44m-2rpg
/usr/local/share/dotnet/sdk/10.0.103/Microsoft.Common.CurrentVersion.targets(2437,5): warning MSB3277: Found conflicts between different versions of "Microsoft.EntityFrameworkCore.Relational" that could not be resolved. [/Users/jcmordan/code/leave-request/backend/src/LeaveManagement.Application/LeaveManagement.Application.csproj]
/usr/local/share/dotnet/sdk/10.0.103/Microsoft.Common.CurrentVersion.targets(2437,5): warning MSB3277: There was a conflict between "Microsoft.EntityFrameworkCore.Relational, Version=9.0.1.0, Culture=neutral, PublicKeyToken=adb9793829ddae60" and "Microsoft.EntityFrameworkCore.Relational, Version=9.0.3.0, Culture=neutral, PublicKeyToken=adb9793829ddae60". [/Users/jcmordan/code/leave-request/backend/src/LeaveManagement.Application/LeaveManagement.Application.csproj]
/usr/local/share/dotnet/sdk/10.0.103/Microsoft.Common.CurrentVersion.targets(2437,5): warning MSB3277:     "Microsoft.EntityFrameworkCore.Relational, Version=9.0.1.0, Culture=neutral, PublicKeyToken=adb9793829ddae60" was chosen because it was primary and "Microsoft.EntityFrameworkCore.Relational, Version=9.0.3.0, Culture=neutral, PublicKeyToken=adb9793829ddae60" was not. [/Users/jcmordan/code/leave-request/backend/src/LeaveManagement.Application/LeaveManagement.Application.csproj]
/usr/local/share/dotnet/sdk/10.0.103/Microsoft.Common.CurrentVersion.targets(2437,5): warning MSB3277:     References which depend on "Microsoft.EntityFrameworkCore.Relational, Version=9.0.1.0, Culture=neutral, PublicKeyToken=adb9793829ddae60" [/Users/jcmordan/.nuget/packages/microsoft.entityframeworkcore.relational/9.0.1/lib/net8.0/Microsoft.EntityFrameworkCore.Relational.dll]. [/Users/jcmordan/code/leave-request/backend/src/LeaveManagement.Application/LeaveManagement.Application.csproj]
/usr/local/share/dotnet/sdk/10.0.103/Microsoft.Common.CurrentVersion.targets(2437,5): warning MSB3277:         /Users/jcmordan/.nuget/packages/microsoft.entityframeworkcore.relational/9.0.1/lib/net8.0/Microsoft.EntityFrameworkCore.Relational.dll [/Users/jcmordan/code/leave-request/backend/src/LeaveManagement.Application/LeaveManagement.Application.csproj]
/usr/local/share/dotnet/sdk/10.0.103/Microsoft.Common.CurrentVersion.targets(2437,5): warning MSB3277:           Project file item includes which caused reference "/Users/jcmordan/.nuget/packages/microsoft.entityframeworkcore.relational/9.0.1/lib/net8.0/Microsoft.EntityFrameworkCore.Relational.dll". [/Users/jcmordan/code/leave-request/backend/src/LeaveManagement.Application/LeaveManagement.Application.csproj]
/usr/local/share/dotnet/sdk/10.0.103/Microsoft.Common.CurrentVersion.targets(2437,5): warning MSB3277:             /Users/jcmordan/.nuget/packages/microsoft.entityframeworkcore.relational/9.0.1/lib/net8.0/Microsoft.EntityFrameworkCore.Relational.dll [/Users/jcmordan/code/leave-request/backend/src/LeaveManagement.Application/LeaveManagement.Application.csproj]
/usr/local/share/dotnet/sdk/10.0.103/Microsoft.Common.CurrentVersion.targets(2437,5): warning MSB3277:     References which depend on or have been unified to "Microsoft.EntityFrameworkCore.Relational, Version=9.0.3.0, Culture=neutral, PublicKeyToken=adb9793829ddae60" []. [/Users/jcmordan/code/leave-request/backend/src/LeaveManagement.Application/LeaveManagement.Application.csproj]
/usr/local/share/dotnet/sdk/10.0.103/Microsoft.Common.CurrentVersion.targets(2437,5): warning MSB3277:         /Users/jcmordan/code/leave-request/backend/src/LeaveManagement.Infrastructure/bin/Debug/net10.0/LeaveManagement.Infrastructure.dll [/Users/jcmordan/code/leave-request/backend/src/LeaveManagement.Application/LeaveManagement.Application.csproj]
/usr/local/share/dotnet/sdk/10.0.103/Microsoft.Common.CurrentVersion.targets(2437,5): warning MSB3277:           Project file item includes which caused reference "/Users/jcmordan/code/leave-request/backend/src/LeaveManagement.Infrastructure/bin/Debug/net10.0/LeaveManagement.Infrastructure.dll". [/Users/jcmordan/code/leave-request/backend/src/LeaveManagement.Application/LeaveManagement.Application.csproj]
/usr/local/share/dotnet/sdk/10.0.103/Microsoft.Common.CurrentVersion.targets(2437,5): warning MSB3277:             /Users/jcmordan/code/leave-request/backend/src/LeaveManagement.Infrastructure/bin/Debug/net10.0/LeaveManagement.Infrastructure.dll [/Users/jcmordan/code/leave-request/backend/src/LeaveManagement.Application/LeaveManagement.Application.csproj]
/Users/jcmordan/code/leave-request/backend/src/LeaveManagement.Api/GraphQL/Resolvers/EmployeeResolvers.cs(86,16): warning CS8619: Nullability of reference types in value of type 'Task<LeaveBalanceDto?>' doesn't match target type 'Task<LeaveBalanceDto>'. [/Users/jcmordan/code/leave-request/backend/src/LeaveManagement.Api/LeaveManagement.Api.csproj]
warn: Microsoft.EntityFrameworkCore.Model.Validation[10625]
      The foreign key property 'AbsenceRequest.EmployeeId1' was created in shadow state because a conflicting property with the simple name 'EmployeeId' exists in the entity type, but is either not mapped, is already used for another relationship, or is incompatible with the associated primary key type. See https://aka.ms/efcore-relationships for information on mapping relationships in EF Core.
fail: Microsoft.EntityFrameworkCore.Database.Connection[20004]
      An error occurred using the connection to database '' on server ''.
Unhandled exception. System.InvalidOperationException: The ConnectionString property has not been initialized.
   at Npgsql.ThrowHelper.ThrowInvalidOperationException(String message)
   at Npgsql.NpgsqlConnection.Open(Boolean async, CancellationToken cancellationToken)
   at Npgsql.NpgsqlConnection.OpenAsync(CancellationToken cancellationToken)
   at Microsoft.EntityFrameworkCore.Storage.RelationalConnection.OpenDbConnectionAsync(Boolean errorsExpected, CancellationToken cancellationToken)
   at Microsoft.EntityFrameworkCore.Storage.RelationalConnection.OpenInternalAsync(Boolean errorsExpected, CancellationToken cancellationToken)
   at Microsoft.EntityFrameworkCore.Storage.RelationalConnection.OpenInternalAsync(Boolean errorsExpected, CancellationToken cancellationToken)
   at Microsoft.EntityFrameworkCore.Storage.RelationalConnection.OpenAsync(CancellationToken cancellationToken, Boolean errorsExpected)
   at Microsoft.EntityFrameworkCore.Storage.RelationalCommand.ExecuteReaderAsync(RelationalCommandParameterObject parameterObject, CancellationToken cancellationToken)
   at Microsoft.EntityFrameworkCore.Migrations.HistoryRepository.GetAppliedMigrationsAsync(CancellationToken cancellationToken)
   at Npgsql.EntityFrameworkCore.PostgreSQL.Migrations.Internal.NpgsqlHistoryRepository.GetAppliedMigrationsAsync(CancellationToken cancellationToken)
   at Npgsql.EntityFrameworkCore.PostgreSQL.Migrations.Internal.NpgsqlMigrator.MigrateAsync(String targetMigration, CancellationToken cancellationToken)
   at Program.<Main>$(String[] args) in /Users/jcmordan/code/leave-request/backend/src/LeaveManagement.Api/Program.cs:line 214
   at Program.<Main>(String[] args)
